# JRE version: Java(TM) SE Runtime Environment (17.0.12+8) (build 17.0.12+8-LTS-286)
# Java VM: Java HotSpot(TM) 64-Bit Server VM (17.0.12+8-LTS-286, mixed mode, sharing, tiered, compressed oops, compressed class ptrs, g1 gc, windows-amd64)
GC Precious Log:
 CPUs: 8 total, 8 available
 Memory: 7865M
 Large Page Support: Disabled
 NUMA Support: Disabled
 Compressed Oops: Enabled (32-bit)
 Heap Region Size: 1M
 Heap Min Capacity: 8M
 Heap Initial Capacity: 124M
 Heap Max Capacity: 1968M
 Pre-touch: Disabled
 Parallel Workers: 8
 Concurrent Workers: 2
 Concurrent Refinement Workers: 8
 Periodic GC: Disabled
Heap:
 garbage-first heap   total 53248K, used 37321K [0x0000000085000000, 0x0000000100000000)
  region size 1024K, 13 young (13312K), 2 survivors (2048K)
 Metaspace       used 63982K, committed 64512K, reserved 1114112K
  class space    used 8256K, committed 8512K, reserved 1048576K
GC Heap History (20 events):
Event: 4.790 GC heap before
{Heap before GC invocations=8 (full 0):
 garbage-first heap   total 51200K, used 37264K [0x0000000085000000, 0x0000000100000000)
  region size 1024K, 21 young (21504K), 3 survivors (3072K)
 Metaspace       used 35621K, committed 35904K, reserved 1114112K
  class space    used 4293K, committed 4416K, reserved 1048576K
}
Event: 4.793 GC heap after
{Heap after GC invocations=9 (full 0):
 garbage-first heap   total 51200K, used 21486K [0x0000000085000000, 0x0000000100000000)
  region size 1024K, 2 young (2048K), 2 survivors (2048K)
 Metaspace       used 35621K, committed 35904K, reserved 1114112K
  class space    used 4293K, committed 4416K, reserved 1048576K
}
Event: 4.814 GC heap before
{Heap before GC invocations=9 (full 0):
 garbage-first heap   total 51200K, used 21486K [0x0000000085000000, 0x0000000100000000)
  region size 1024K, 3 young (3072K), 2 survivors (2048K)
 Metaspace       used 35826K, committed 36160K, reserved 1114112K
  class space    used 4309K, committed 4480K, reserved 1048576K
}
Event: 4.815 GC heap after
{Heap after GC invocations=10 (full 0):
 garbage-first heap   total 51200K, used 21596K [0x0000000085000000, 0x0000000100000000)
  region size 1024K, 2 young (2048K), 2 survivors (2048K)
 Metaspace       used 35826K, committed 36160K, reserved 1114112K
  class space    used 4309K, committed 4480K, reserved 1048576K
}
Event: 5.133 GC heap before
{Heap before GC invocations=11 (full 0):
 garbage-first heap   total 51200K, used 37980K [0x0000000085000000, 0x0000000100000000)
  region size 1024K, 18 young (18432K), 2 survivors (2048K)
 Metaspace       used 37408K, committed 37824K, reserved 1114112K
  class space    used 4528K, committed 4736K, reserved 1048576K
}
Event: 5.136 GC heap after
{Heap after GC invocations=12 (full 0):
 garbage-first heap   total 51200K, used 22350K [0x0000000085000000, 0x0000000100000000)
  region size 1024K, 2 young (2048K), 2 survivors (2048K)
 Metaspace       used 37408K, committed 37824K, reserved 1114112K
  class space    used 4528K, committed 4736K, reserved 1048576K
}
Event: 5.865 GC heap before
{Heap before GC invocations=12 (full 0):
 garbage-first heap   total 51200K, used 38734K [0x0000000085000000, 0x0000000100000000)
  region size 1024K, 18 young (18432K), 2 survivors (2048K)
 Metaspace       used 41057K, committed 41408K, reserved 1114112K
  class space    used 5007K, committed 5184K, reserved 1048576K
}
Event: 5.868 GC heap after
{Heap after GC invocations=13 (full 0):
 garbage-first heap   total 51200K, used 23247K [0x0000000085000000, 0x0000000100000000)
  region size 1024K, 2 young (2048K), 2 survivors (2048K)
 Metaspace       used 41057K, committed 41408K, reserved 1114112K
  class space    used 5007K, committed 5184K, reserved 1048576K
}
Event: 6.310 GC heap before
{Heap before GC invocations=13 (full 0):
 garbage-first heap   total 51200K, used 39631K [0x0000000085000000, 0x0000000100000000)
  region size 1024K, 18 young (18432K), 2 survivors (2048K)
 Metaspace       used 44188K, committed 44608K, reserved 1114112K
  class space    used 5516K, committed 5696K, reserved 1048576K
}
Event: 6.314 GC heap after
{Heap after GC invocations=14 (full 0):
 garbage-first heap   total 51200K, used 23772K [0x0000000085000000, 0x0000000100000000)
  region size 1024K, 2 young (2048K), 2 survivors (2048K)
 Metaspace       used 44188K, committed 44608K, reserved 1114112K
  class space    used 5516K, committed 5696K, reserved 1048576K
}
Event: 6.766 GC heap before
{Heap before GC invocations=14 (full 0):
 garbage-first heap   total 51200K, used 39132K [0x0000000085000000, 0x0000000100000000)
  region size 1024K, 18 young (18432K), 2 survivors (2048K)
 Metaspace       used 47784K, committed 48192K, reserved 1114112K
  class space    used 5993K, committed 6208K, reserved 1048576K
}
Event: 6.770 GC heap after
{Heap after GC invocations=15 (full 0):
 garbage-first heap   total 51200K, used 25081K [0x0000000085000000, 0x0000000100000000)
  region size 1024K, 2 young (2048K), 2 survivors (2048K)
 Metaspace       used 47784K, committed 48192K, reserved 1114112K
  class space    used 5993K, committed 6208K, reserved 1048576K
}
Event: 7.432 GC heap before
{Heap before GC invocations=16 (full 0):
 garbage-first heap   total 51200K, used 39417K [0x0000000085000000, 0x0000000100000000)
  region size 1024K, 17 young (17408K), 2 survivors (2048K)
 Metaspace       used 54125K, committed 54592K, reserved 1114112K
  class space    used 6756K, committed 6976K, reserved 1048576K
}
Event: 7.435 GC heap after
{Heap after GC invocations=17 (full 0):
 garbage-first heap   total 51200K, used 26440K [0x0000000085000000, 0x0000000100000000)
  region size 1024K, 3 young (3072K), 3 survivors (3072K)
 Metaspace       used 54125K, committed 54592K, reserved 1114112K
  class space    used 6756K, committed 6976K, reserved 1048576K
}
Event: 7.785 GC heap before
{Heap before GC invocations=17 (full 0):
 garbage-first heap   total 51200K, used 38728K [0x0000000085000000, 0x0000000100000000)
  region size 1024K, 16 young (16384K), 3 survivors (3072K)
 Metaspace       used 56377K, committed 56832K, reserved 1114112K
  class space    used 7076K, committed 7296K, reserved 1048576K
}
Event: 7.787 GC heap after
{Heap after GC invocations=18 (full 0):
 garbage-first heap   total 51200K, used 27226K [0x0000000085000000, 0x0000000100000000)
  region size 1024K, 1 young (1024K), 1 survivors (1024K)
 Metaspace       used 56377K, committed 56832K, reserved 1114112K
  class space    used 7076K, committed 7296K, reserved 1048576K
}
Event: 8.120 GC heap before
{Heap before GC invocations=19 (full 0):
 garbage-first heap   total 51200K, used 39514K [0x0000000085000000, 0x0000000100000000)
  region size 1024K, 14 young (14336K), 1 survivors (1024K)
 Metaspace       used 58367K, committed 58816K, reserved 1114112K
  class space    used 7313K, committed 7552K, reserved 1048576K
}
Event: 8.122 GC heap after
{Heap after GC invocations=20 (full 0):
 garbage-first heap   total 51200K, used 27620K [0x0000000085000000, 0x0000000100000000)
  region size 1024K, 2 young (2048K), 2 survivors (2048K)
 Metaspace       used 58367K, committed 58816K, reserved 1114112K
  class space    used 7313K, committed 7552K, reserved 1048576K
}
Event: 8.354 GC heap before
{Heap before GC invocations=20 (full 0):
 garbage-first heap   total 51200K, used 39908K [0x0000000085000000, 0x0000000100000000)
  region size 1024K, 15 young (15360K), 2 survivors (2048K)
 Metaspace       used 62335K, committed 62784K, reserved 1114112K
  class space    used 7891K, committed 8128K, reserved 1048576K
}
Event: 8.356 GC heap after
{Heap after GC invocations=21 (full 0):
 garbage-first heap   total 51200K, used 28105K [0x0000000085000000, 0x0000000100000000)
  region size 1024K, 2 young (2048K), 2 survivors (2048K)
 Metaspace       used 62335K, committed 62784K, reserved 1114112K
  class space    used 7891K, committed 8128K, reserved 1048576K
}

