# JRE version: Java(TM) SE Runtime Environment (17.0.12+8) (build 17.0.12+8-LTS-286)
# Java VM: Java HotSpot(TM) 64-Bit Server VM (17.0.12+8-LTS-286, mixed mode, sharing, tiered, compressed oops, compressed class ptrs, g1 gc, windows-amd64)
GC Precious Log:
 CPUs: 8 total, 8 available
 Memory: 7865M
 Large Page Support: Disabled
 NUMA Support: Disabled
 Compressed Oops: Enabled (32-bit)
 Heap Region Size: 1M
 Heap Min Capacity: 8M
 Heap Initial Capacity: 124M
 Heap Max Capacity: 1968M
 Pre-touch: Disabled
 Parallel Workers: 8
 Concurrent Workers: 2
 Concurrent Refinement Workers: 8
 Periodic GC: Disabled
Heap:
 garbage-first heap   total 64512K, used 34603K [0x0000000085000000, 0x0000000100000000)
  region size 1024K, 10 young (10240K), 4 survivors (4096K)
 Metaspace       used 72059K, committed 72576K, reserved 1114112K
  class space    used 9305K, committed 9536K, reserved 1048576K
GC Heap History (20 events):
Event: 3.496 GC heap before
{Heap before GC invocations=9 (full 0):
 garbage-first heap   total 48128K, used 35272K [0x0000000085000000, 0x0000000100000000)
  region size 1024K, 19 young (19456K), 3 survivors (3072K)
 Metaspace       used 33814K, committed 34176K, reserved 1114112K
  class space    used 4105K, committed 4288K, reserved 1048576K
}
Event: 3.500 GC heap after
{Heap after GC invocations=10 (full 0):
 garbage-first heap   total 48128K, used 20424K [0x0000000085000000, 0x0000000100000000)
  region size 1024K, 3 young (3072K), 3 survivors (3072K)
 Metaspace       used 33814K, committed 34176K, reserved 1114112K
  class space    used 4105K, committed 4288K, reserved 1048576K
}
Event: 3.884 GC heap before
{Heap before GC invocations=10 (full 0):
 garbage-first heap   total 48128K, used 27592K [0x0000000085000000, 0x0000000100000000)
  region size 1024K, 12 young (12288K), 3 survivors (3072K)
 Metaspace       used 35833K, committed 36160K, reserved 1114112K
  class space    used 4308K, committed 4480K, reserved 1048576K
}
Event: 3.886 GC heap after
{Heap after GC invocations=11 (full 0):
 garbage-first heap   total 48128K, used 21338K [0x0000000085000000, 0x0000000100000000)
  region size 1024K, 1 young (1024K), 1 survivors (1024K)
 Metaspace       used 35833K, committed 36160K, reserved 1114112K
  class space    used 4308K, committed 4480K, reserved 1048576K
}
Event: 4.168 GC heap before
{Heap before GC invocations=12 (full 0):
 garbage-first heap   total 48128K, used 37722K [0x0000000085000000, 0x0000000100000000)
  region size 1024K, 17 young (17408K), 1 survivors (1024K)
 Metaspace       used 37374K, committed 37760K, reserved 1114112K
  class space    used 4523K, committed 4736K, reserved 1048576K
}
Event: 4.170 GC heap after
{Heap after GC invocations=13 (full 0):
 garbage-first heap   total 48128K, used 21977K [0x0000000085000000, 0x0000000100000000)
  region size 1024K, 2 young (2048K), 2 survivors (2048K)
 Metaspace       used 37374K, committed 37760K, reserved 1114112K
  class space    used 4523K, committed 4736K, reserved 1048576K
}
Event: 4.645 GC heap before
{Heap before GC invocations=13 (full 0):
 garbage-first heap   total 48128K, used 37337K [0x0000000085000000, 0x0000000100000000)
  region size 1024K, 18 young (18432K), 2 survivors (2048K)
 Metaspace       used 40978K, committed 41344K, reserved 1114112K
  class space    used 4998K, committed 5184K, reserved 1048576K
}
Event: 4.648 GC heap after
{Heap after GC invocations=14 (full 0):
 garbage-first heap   total 48128K, used 22952K [0x0000000085000000, 0x0000000100000000)
  region size 1024K, 3 young (3072K), 3 survivors (3072K)
 Metaspace       used 40978K, committed 41344K, reserved 1114112K
  class space    used 4998K, committed 5184K, reserved 1048576K
}
Event: 5.000 GC heap before
{Heap before GC invocations=14 (full 0):
 garbage-first heap   total 48128K, used 38312K [0x0000000085000000, 0x0000000100000000)
  region size 1024K, 18 young (18432K), 3 survivors (3072K)
 Metaspace       used 43969K, committed 44352K, reserved 1114112K
  class space    used 5472K, committed 5632K, reserved 1048576K
}
Event: 5.003 GC heap after
{Heap after GC invocations=15 (full 0):
 garbage-first heap   total 48128K, used 23472K [0x0000000085000000, 0x0000000100000000)
  region size 1024K, 2 young (2048K), 2 survivors (2048K)
 Metaspace       used 43969K, committed 44352K, reserved 1114112K
  class space    used 5472K, committed 5632K, reserved 1048576K
}
Event: 5.387 GC heap before
{Heap before GC invocations=15 (full 0):
 garbage-first heap   total 48128K, used 38832K [0x0000000085000000, 0x0000000100000000)
  region size 1024K, 17 young (17408K), 2 survivors (2048K)
 Metaspace       used 46903K, committed 47296K, reserved 1114112K
  class space    used 5910K, committed 6080K, reserved 1048576K
}
Event: 5.389 GC heap after
{Heap after GC invocations=16 (full 0):
 garbage-first heap   total 64512K, used 24530K [0x0000000085000000, 0x0000000100000000)
  region size 1024K, 3 young (3072K), 3 survivors (3072K)
 Metaspace       used 46903K, committed 47296K, reserved 1114112K
  class space    used 5910K, committed 6080K, reserved 1048576K
}
Event: 5.986 GC heap before
{Heap before GC invocations=17 (full 0):
 garbage-first heap   total 64512K, used 49106K [0x0000000085000000, 0x0000000100000000)
  region size 1024K, 28 young (28672K), 3 survivors (3072K)
 Metaspace       used 55590K, committed 56064K, reserved 1114112K
  class space    used 6986K, committed 7232K, reserved 1048576K
}
Event: 5.990 GC heap after
{Heap after GC invocations=18 (full 0):
 garbage-first heap   total 64512K, used 26345K [0x0000000085000000, 0x0000000100000000)
  region size 1024K, 4 young (4096K), 4 survivors (4096K)
 Metaspace       used 55590K, committed 56064K, reserved 1114112K
  class space    used 6986K, committed 7232K, reserved 1048576K
}
Event: 6.458 GC heap before
{Heap before GC invocations=18 (full 0):
 garbage-first heap   total 64512K, used 49897K [0x0000000085000000, 0x0000000100000000)
  region size 1024K, 28 young (28672K), 4 survivors (4096K)
 Metaspace       used 59723K, committed 60160K, reserved 1114112K
  class space    used 7485K, committed 7680K, reserved 1048576K
}
Event: 6.462 GC heap after
{Heap after GC invocations=19 (full 0):
 garbage-first heap   total 64512K, used 27465K [0x0000000085000000, 0x0000000100000000)
  region size 1024K, 3 young (3072K), 3 survivors (3072K)
 Metaspace       used 59723K, committed 60160K, reserved 1114112K
  class space    used 7485K, committed 7680K, reserved 1048576K
}
Event: 6.875 GC heap before
{Heap before GC invocations=19 (full 0):
 garbage-first heap   total 64512K, used 51017K [0x0000000085000000, 0x0000000100000000)
  region size 1024K, 27 young (27648K), 3 survivors (3072K)
 Metaspace       used 65586K, committed 66048K, reserved 1114112K
  class space    used 8485K, committed 8704K, reserved 1048576K
}
Event: 6.877 GC heap after
{Heap after GC invocations=20 (full 0):
 garbage-first heap   total 64512K, used 28426K [0x0000000085000000, 0x0000000100000000)
  region size 1024K, 3 young (3072K), 3 survivors (3072K)
 Metaspace       used 65586K, committed 66048K, reserved 1114112K
  class space    used 8485K, committed 8704K, reserved 1048576K
}
Event: 7.284 GC heap before
{Heap before GC invocations=20 (full 0):
 garbage-first heap   total 64512K, used 50954K [0x0000000085000000, 0x0000000100000000)
  region size 1024K, 26 young (26624K), 3 survivors (3072K)
 Metaspace       used 71376K, committed 71872K, reserved 1114112K
  class space    used 9245K, committed 9472K, reserved 1048576K
}
Event: 7.288 GC heap after
{Heap after GC invocations=21 (full 0):
 garbage-first heap   total 64512K, used 29483K [0x0000000085000000, 0x0000000100000000)
  region size 1024K, 4 young (4096K), 4 survivors (4096K)
 Metaspace       used 71376K, committed 71872K, reserved 1114112K
  class space    used 9245K, committed 9472K, reserved 1048576K
}

