# JRE version: Java(TM) SE Runtime Environment (17.0.12+8) (build 17.0.12+8-LTS-286)
# Java VM: Java HotSpot(TM) 64-Bit Server VM (17.0.12+8-LTS-286, mixed mode, sharing, tiered, compressed oops, compressed class ptrs, g1 gc, windows-amd64)
GC Precious Log:
 CPUs: 8 total, 8 available
 Memory: 7865M
 Large Page Support: Disabled
 NUMA Support: Disabled
 Compressed Oops: Enabled (32-bit)
 Heap Region Size: 1M
 Heap Min Capacity: 8M
 Heap Initial Capacity: 124M
 Heap Max Capacity: 1968M
 Pre-touch: Disabled
 Parallel Workers: 8
 Concurrent Workers: 2
 Concurrent Refinement Workers: 8
 Periodic GC: Disabled
Heap:
 garbage-first heap   total 55296K, used 34724K [0x0000000085000000, 0x0000000100000000)
  region size 1024K, 6 young (6144K), 2 survivors (2048K)
 Metaspace       used 75813K, committed 76288K, reserved 1179648K
  class space    used 9871K, committed 10112K, reserved 1048576K
GC Heap History (20 events):
Event: 4.794 GC heap before
{Heap before GC invocations=12 (full 0):
 garbage-first heap   total 55296K, used 41872K [0x0000000085000000, 0x0000000100000000)
  region size 1024K, 22 young (22528K), 3 survivors (3072K)
 Metaspace       used 42174K, committed 42624K, reserved 1114112K
  class space    used 5160K, committed 5376K, reserved 1048576K
}
Event: 4.796 GC heap after
{Heap after GC invocations=13 (full 0):
 garbage-first heap   total 55296K, used 23597K [0x0000000085000000, 0x0000000100000000)
  region size 1024K, 3 young (3072K), 3 survivors (3072K)
 Metaspace       used 42174K, committed 42624K, reserved 1114112K
  class space    used 5160K, committed 5376K, reserved 1048576K
}
Event: 5.208 GC heap before
{Heap before GC invocations=13 (full 0):
 garbage-first heap   total 55296K, used 43053K [0x0000000085000000, 0x0000000100000000)
  region size 1024K, 22 young (22528K), 3 survivors (3072K)
 Metaspace       used 45786K, committed 46272K, reserved 1114112K
  class space    used 5772K, committed 6016K, reserved 1048576K
}
Event: 5.212 GC heap after
{Heap after GC invocations=14 (full 0):
 garbage-first heap   total 55296K, used 24393K [0x0000000085000000, 0x0000000100000000)
  region size 1024K, 2 young (2048K), 2 survivors (2048K)
 Metaspace       used 45786K, committed 46272K, reserved 1114112K
  class space    used 5772K, committed 6016K, reserved 1048576K
}
Event: 5.629 GC heap before
{Heap before GC invocations=14 (full 0):
 garbage-first heap   total 55296K, used 42825K [0x0000000085000000, 0x0000000100000000)
  region size 1024K, 21 young (21504K), 2 survivors (2048K)
 Metaspace       used 52436K, committed 52864K, reserved 1114112K
  class space    used 6565K, committed 6784K, reserved 1048576K
}
Event: 5.631 GC heap after
{Heap after GC invocations=15 (full 0):
 garbage-first heap   total 55296K, used 26423K [0x0000000085000000, 0x0000000100000000)
  region size 1024K, 3 young (3072K), 3 survivors (3072K)
 Metaspace       used 52436K, committed 52864K, reserved 1114112K
  class space    used 6565K, committed 6784K, reserved 1048576K
}
Event: 5.950 GC heap before
{Heap before GC invocations=15 (full 0):
 garbage-first heap   total 55296K, used 41783K [0x0000000085000000, 0x0000000100000000)
  region size 1024K, 19 young (19456K), 3 survivors (3072K)
 Metaspace       used 56636K, committed 57088K, reserved 1114112K
  class space    used 7115K, committed 7360K, reserved 1048576K
}
Event: 5.953 GC heap after
{Heap after GC invocations=16 (full 0):
 garbage-first heap   total 55296K, used 27224K [0x0000000085000000, 0x0000000100000000)
  region size 1024K, 1 young (1024K), 1 survivors (1024K)
 Metaspace       used 56636K, committed 57088K, reserved 1114112K
  class space    used 7115K, committed 7360K, reserved 1048576K
}
Event: 6.222 GC heap before
{Heap before GC invocations=16 (full 0):
 garbage-first heap   total 55296K, used 43608K [0x0000000085000000, 0x0000000100000000)
  region size 1024K, 18 young (18432K), 1 survivors (1024K)
 Metaspace       used 59332K, committed 59840K, reserved 1114112K
  class space    used 7433K, committed 7680K, reserved 1048576K
}
Event: 6.224 GC heap after
{Heap after GC invocations=17 (full 0):
 garbage-first heap   total 55296K, used 27818K [0x0000000085000000, 0x0000000100000000)
  region size 1024K, 2 young (2048K), 2 survivors (2048K)
 Metaspace       used 59332K, committed 59840K, reserved 1114112K
  class space    used 7433K, committed 7680K, reserved 1048576K
}
Event: 6.583 GC heap before
{Heap before GC invocations=18 (full 0):
 garbage-first heap   total 55296K, used 43178K [0x0000000085000000, 0x0000000100000000)
  region size 1024K, 18 young (18432K), 2 survivors (2048K)
 Metaspace       used 63635K, committed 64128K, reserved 1114112K
  class space    used 8086K, committed 8320K, reserved 1048576K
}
Event: 6.585 GC heap after
{Heap after GC invocations=19 (full 0):
 garbage-first heap   total 55296K, used 28444K [0x0000000085000000, 0x0000000100000000)
  region size 1024K, 3 young (3072K), 3 survivors (3072K)
 Metaspace       used 63635K, committed 64128K, reserved 1114112K
  class space    used 8086K, committed 8320K, reserved 1048576K
}
Event: 6.926 GC heap before
{Heap before GC invocations=19 (full 0):
 garbage-first heap   total 55296K, used 43804K [0x0000000085000000, 0x0000000100000000)
  region size 1024K, 19 young (19456K), 3 survivors (3072K)
 Metaspace       used 66462K, committed 66944K, reserved 1114112K
  class space    used 8613K, committed 8832K, reserved 1048576K
}
Event: 6.929 GC heap after
{Heap after GC invocations=20 (full 0):
 garbage-first heap   total 55296K, used 28814K [0x0000000085000000, 0x0000000100000000)
  region size 1024K, 2 young (2048K), 2 survivors (2048K)
 Metaspace       used 66462K, committed 66944K, reserved 1114112K
  class space    used 8613K, committed 8832K, reserved 1048576K
}
Event: 7.408 GC heap before
{Heap before GC invocations=21 (full 0):
 garbage-first heap   total 55296K, used 44174K [0x0000000085000000, 0x0000000100000000)
  region size 1024K, 18 young (18432K), 2 survivors (2048K)
 Metaspace       used 70860K, committed 71424K, reserved 1114112K
  class space    used 9206K, committed 9472K, reserved 1048576K
}
Event: 7.411 GC heap after
{Heap after GC invocations=22 (full 0):
 garbage-first heap   total 55296K, used 29981K [0x0000000085000000, 0x0000000100000000)
  region size 1024K, 3 young (3072K), 3 survivors (3072K)
 Metaspace       used 70860K, committed 71424K, reserved 1114112K
  class space    used 9206K, committed 9472K, reserved 1048576K
}
Event: 7.797 GC heap before
{Heap before GC invocations=22 (full 0):
 garbage-first heap   total 55296K, used 43293K [0x0000000085000000, 0x0000000100000000)
  region size 1024K, 17 young (17408K), 3 survivors (3072K)
 Metaspace       used 72857K, committed 73408K, reserved 1114112K
  class space    used 9454K, committed 9728K, reserved 1048576K
}
Event: 7.800 GC heap after
{Heap after GC invocations=23 (full 0):
 garbage-first heap   total 55296K, used 30697K [0x0000000085000000, 0x0000000100000000)
  region size 1024K, 3 young (3072K), 3 survivors (3072K)
 Metaspace       used 72857K, committed 73408K, reserved 1114112K
  class space    used 9454K, committed 9728K, reserved 1048576K
}
Event: 8.173 GC heap before
{Heap before GC invocations=24 (full 0):
 garbage-first heap   total 55296K, used 45033K [0x0000000085000000, 0x0000000100000000)
  region size 1024K, 17 young (17408K), 3 survivors (3072K)
 Metaspace       used 75611K, committed 76160K, reserved 1179648K
  class space    used 9851K, committed 10112K, reserved 1048576K
}
Event: 8.176 GC heap after
{Heap after GC invocations=25 (full 0):
 garbage-first heap   total 55296K, used 31652K [0x0000000085000000, 0x0000000100000000)
  region size 1024K, 2 young (2048K), 2 survivors (2048K)
 Metaspace       used 75611K, committed 76160K, reserved 1179648K
  class space    used 9851K, committed 10112K, reserved 1048576K
}

