# JRE version: Java(TM) SE Runtime Environment (17.0.12+8) (build 17.0.12+8-LTS-286)
# Java VM: Java HotSpot(TM) 64-Bit Server VM (17.0.12+8-LTS-286, mixed mode, sharing, tiered, compressed oops, compressed class ptrs, g1 gc, windows-amd64)
GC Precious Log:
 CPUs: 8 total, 8 available
 Memory: 7865M
 Large Page Support: Disabled
 NUMA Support: Disabled
 Compressed Oops: Enabled (32-bit)
 Heap Region Size: 1M
 Heap Min Capacity: 8M
 Heap Initial Capacity: 124M
 Heap Max Capacity: 1968M
 Pre-touch: Disabled
 Parallel Workers: 8
 Concurrent Workers: 2
 Concurrent Refinement Workers: 8
 Periodic GC: Disabled
Heap:
 garbage-first heap   total 51200K, used 34528K [0x0000000085000000, 0x0000000100000000)
  region size 1024K, 19 young (19456K), 2 survivors (2048K)
 Metaspace       used 32106K, committed 32448K, reserved 1114112K
  class space    used 3817K, committed 3968K, reserved 1048576K
GC Heap History (14 events):
Event: 0.692 GC heap before
{Heap before GC invocations=0 (full 0):
 garbage-first heap   total 126976K, used 24576K [0x0000000085000000, 0x0000000100000000)
  region size 1024K, 23 young (23552K), 0 survivors (0K)
 Metaspace       used 7106K, committed 7232K, reserved 1114112K
  class space    used 717K, committed 768K, reserved 1048576K
}
Event: 0.698 GC heap after
{Heap after GC invocations=1 (full 0):
 garbage-first heap   total 126976K, used 8063K [0x0000000085000000, 0x0000000100000000)
  region size 1024K, 3 young (3072K), 3 survivors (3072K)
 Metaspace       used 7106K, committed 7232K, reserved 1114112K
  class space    used 717K, committed 768K, reserved 1048576K
}
Event: 5.443 GC heap before
{Heap before GC invocations=1 (full 0):
 garbage-first heap   total 126976K, used 34687K [0x0000000085000000, 0x0000000100000000)
  region size 1024K, 29 young (29696K), 3 survivors (3072K)
 Metaspace       used 12677K, committed 12992K, reserved 1114112K
  class space    used 1427K, committed 1600K, reserved 1048576K
}
Event: 5.447 GC heap after
{Heap after GC invocations=2 (full 0):
 garbage-first heap   total 126976K, used 10191K [0x0000000085000000, 0x0000000100000000)
  region size 1024K, 2 young (2048K), 2 survivors (2048K)
 Metaspace       used 12677K, committed 12992K, reserved 1114112K
  class space    used 1427K, committed 1600K, reserved 1048576K
}
Event: 5.902 GC heap before
{Heap before GC invocations=2 (full 0):
 garbage-first heap   total 126976K, used 48079K [0x0000000085000000, 0x0000000100000000)
  region size 1024K, 41 young (41984K), 2 survivors (2048K)
 Metaspace       used 21267K, committed 21504K, reserved 1114112K
  class space    used 2385K, committed 2496K, reserved 1048576K
}
Event: 5.906 GC heap after
{Heap after GC invocations=3 (full 0):
 garbage-first heap   total 126976K, used 12646K [0x0000000085000000, 0x0000000100000000)
  region size 1024K, 5 young (5120K), 5 survivors (5120K)
 Metaspace       used 21267K, committed 21504K, reserved 1114112K
  class space    used 2385K, committed 2496K, reserved 1048576K
}
Event: 6.512 GC heap before
{Heap before GC invocations=4 (full 0):
 garbage-first heap   total 51200K, used 38246K [0x0000000085000000, 0x0000000100000000)
  region size 1024K, 30 young (30720K), 5 survivors (5120K)
 Metaspace       used 26176K, committed 26496K, reserved 1114112K
  class space    used 3032K, committed 3200K, reserved 1048576K
}
Event: 6.518 GC heap after
{Heap after GC invocations=5 (full 0):
 garbage-first heap   total 51200K, used 15515K [0x0000000085000000, 0x0000000100000000)
  region size 1024K, 4 young (4096K), 4 survivors (4096K)
 Metaspace       used 26176K, committed 26496K, reserved 1114112K
  class space    used 3032K, committed 3200K, reserved 1048576K
}
Event: 6.547 GC heap before
{Heap before GC invocations=5 (full 0):
 garbage-first heap   total 51200K, used 16539K [0x0000000085000000, 0x0000000100000000)
  region size 1024K, 5 young (5120K), 4 survivors (4096K)
 Metaspace       used 26261K, committed 26624K, reserved 1114112K
  class space    used 3043K, committed 3200K, reserved 1048576K
}
Event: 6.550 GC heap after
{Heap after GC invocations=6 (full 0):
 garbage-first heap   total 51200K, used 15772K [0x0000000085000000, 0x0000000100000000)
  region size 1024K, 1 young (1024K), 1 survivors (1024K)
 Metaspace       used 26261K, committed 26624K, reserved 1114112K
  class space    used 3043K, committed 3200K, reserved 1048576K
}
Event: 7.079 GC heap before
{Heap before GC invocations=6 (full 0):
 garbage-first heap   total 51200K, used 35228K [0x0000000085000000, 0x0000000100000000)
  region size 1024K, 20 young (20480K), 1 survivors (1024K)
 Metaspace       used 27778K, committed 28096K, reserved 1114112K
  class space    used 3214K, committed 3392K, reserved 1048576K
}
Event: 7.080 GC heap after
{Heap after GC invocations=7 (full 0):
 garbage-first heap   total 51200K, used 16953K [0x0000000085000000, 0x0000000100000000)
  region size 1024K, 2 young (2048K), 2 survivors (2048K)
 Metaspace       used 27778K, committed 28096K, reserved 1114112K
  class space    used 3214K, committed 3392K, reserved 1048576K
}
Event: 7.644 GC heap before
{Heap before GC invocations=7 (full 0):
 garbage-first heap   total 51200K, used 36409K [0x0000000085000000, 0x0000000100000000)
  region size 1024K, 21 young (21504K), 2 survivors (2048K)
 Metaspace       used 30207K, committed 30464K, reserved 1114112K
  class space    used 3508K, committed 3648K, reserved 1048576K
}
Event: 7.646 GC heap after
{Heap after GC invocations=8 (full 0):
 garbage-first heap   total 51200K, used 18144K [0x0000000085000000, 0x0000000100000000)
  region size 1024K, 2 young (2048K), 2 survivors (2048K)
 Metaspace       used 30207K, committed 30464K, reserved 1114112K
  class space    used 3508K, committed 3648K, reserved 1048576K
}

