# JRE version: Java(TM) SE Runtime Environment (17.0.12+8) (build 17.0.12+8-LTS-286)
# Java VM: Java HotSpot(TM) 64-Bit Server VM (17.0.12+8-LTS-286, mixed mode, sharing, tiered, compressed oops, compressed class ptrs, g1 gc, windows-amd64)
GC Precious Log:
 CPUs: 8 total, 8 available
 Memory: 7865M
 Large Page Support: Disabled
 NUMA Support: Disabled
 Compressed Oops: Enabled (32-bit)
 Heap Region Size: 1M
 Heap Min Capacity: 8M
 Heap Initial Capacity: 124M
 Heap Max Capacity: 1968M
 Pre-touch: Disabled
 Parallel Workers: 8
 Concurrent Workers: 2
 Concurrent Refinement Workers: 8
 Periodic GC: Disabled
Heap:
 garbage-first heap   total 48128K, used 24748K [0x0000000085000000, 0x0000000100000000)
  region size 1024K, 5 young (5120K), 3 survivors (3072K)
 Metaspace       used 41661K, committed 42048K, reserved 1114112K
  class space    used 5020K, committed 5184K, reserved 1048576K
GC Heap History (20 events):
Event: 1.152 GC heap before
{Heap before GC invocations=1 (full 0):
 garbage-first heap   total 126976K, used 34762K [0x0000000085000000, 0x0000000100000000)
  region size 1024K, 29 young (29696K), 3 survivors (3072K)
 Metaspace       used 12704K, committed 12992K, reserved 1114112K
  class space    used 1431K, committed 1600K, reserved 1048576K
}
Event: 1.155 GC heap after
{Heap after GC invocations=2 (full 0):
 garbage-first heap   total 126976K, used 10134K [0x0000000085000000, 0x0000000100000000)
  region size 1024K, 2 young (2048K), 2 survivors (2048K)
 Metaspace       used 12704K, committed 12992K, reserved 1114112K
  class space    used 1431K, committed 1600K, reserved 1048576K
}
Event: 1.479 GC heap before
{Heap before GC invocations=2 (full 0):
 garbage-first heap   total 126976K, used 48022K [0x0000000085000000, 0x0000000100000000)
  region size 1024K, 41 young (41984K), 2 survivors (2048K)
 Metaspace       used 21240K, committed 21504K, reserved 1114112K
  class space    used 2381K, committed 2560K, reserved 1048576K
}
Event: 1.482 GC heap after
{Heap after GC invocations=3 (full 0):
 garbage-first heap   total 126976K, used 12580K [0x0000000085000000, 0x0000000100000000)
  region size 1024K, 5 young (5120K), 5 survivors (5120K)
 Metaspace       used 21240K, committed 21504K, reserved 1114112K
  class space    used 2381K, committed 2560K, reserved 1048576K
}
Event: 1.876 GC heap before
{Heap before GC invocations=4 (full 0):
 garbage-first heap   total 48128K, used 37156K [0x0000000085000000, 0x0000000100000000)
  region size 1024K, 30 young (30720K), 5 survivors (5120K)
 Metaspace       used 25978K, committed 26240K, reserved 1114112K
  class space    used 3023K, committed 3136K, reserved 1048576K
}
Event: 1.881 GC heap after
{Heap after GC invocations=5 (full 0):
 garbage-first heap   total 48128K, used 15239K [0x0000000085000000, 0x0000000100000000)
  region size 1024K, 7 young (7168K), 7 survivors (7168K)
 Metaspace       used 25978K, committed 26240K, reserved 1114112K
  class space    used 3023K, committed 3136K, reserved 1048576K
}
Event: 2.278 GC heap before
{Heap before GC invocations=5 (full 0):
 garbage-first heap   total 48128K, used 32647K [0x0000000085000000, 0x0000000100000000)
  region size 1024K, 25 young (25600K), 7 survivors (7168K)
 Metaspace       used 27613K, committed 27904K, reserved 1114112K
  class space    used 3190K, committed 3328K, reserved 1048576K
}
Event: 2.283 GC heap after
{Heap after GC invocations=6 (full 0):
 garbage-first heap   total 48128K, used 16872K [0x0000000085000000, 0x0000000100000000)
  region size 1024K, 2 young (2048K), 2 survivors (2048K)
 Metaspace       used 27613K, committed 27904K, reserved 1114112K
  class space    used 3190K, committed 3328K, reserved 1048576K
}
Event: 2.610 GC heap before
{Heap before GC invocations=6 (full 0):
 garbage-first heap   total 48128K, used 33256K [0x0000000085000000, 0x0000000100000000)
  region size 1024K, 19 young (19456K), 2 survivors (2048K)
 Metaspace       used 29494K, committed 29824K, reserved 1114112K
  class space    used 3424K, committed 3584K, reserved 1048576K
}
Event: 2.613 GC heap after
{Heap after GC invocations=7 (full 0):
 garbage-first heap   total 48128K, used 18271K [0x0000000085000000, 0x0000000100000000)
  region size 1024K, 2 young (2048K), 2 survivors (2048K)
 Metaspace       used 29494K, committed 29824K, reserved 1114112K
  class space    used 3424K, committed 3584K, reserved 1048576K
}
Event: 3.024 GC heap before
{Heap before GC invocations=7 (full 0):
 garbage-first heap   total 48128K, used 34655K [0x0000000085000000, 0x0000000100000000)
  region size 1024K, 18 young (18432K), 2 survivors (2048K)
 Metaspace       used 31397K, committed 31680K, reserved 1114112K
  class space    used 3710K, committed 3840K, reserved 1048576K
}
Event: 3.026 GC heap after
{Heap after GC invocations=8 (full 0):
 garbage-first heap   total 48128K, used 19302K [0x0000000085000000, 0x0000000100000000)
  region size 1024K, 3 young (3072K), 3 survivors (3072K)
 Metaspace       used 31397K, committed 31680K, reserved 1114112K
  class space    used 3710K, committed 3840K, reserved 1048576K
}
Event: 3.392 GC heap before
{Heap before GC invocations=8 (full 0):
 garbage-first heap   total 48128K, used 35686K [0x0000000085000000, 0x0000000100000000)
  region size 1024K, 19 young (19456K), 3 survivors (3072K)
 Metaspace       used 33773K, committed 34112K, reserved 1114112K
  class space    used 4105K, committed 4288K, reserved 1048576K
}
Event: 3.397 GC heap after
{Heap after GC invocations=9 (full 0):
 garbage-first heap   total 48128K, used 20893K [0x0000000085000000, 0x0000000100000000)
  region size 1024K, 3 young (3072K), 3 survivors (3072K)
 Metaspace       used 33773K, committed 34112K, reserved 1114112K
  class space    used 4105K, committed 4288K, reserved 1048576K
}
Event: 3.709 GC heap before
{Heap before GC invocations=9 (full 0):
 garbage-first heap   total 48128K, used 30109K [0x0000000085000000, 0x0000000100000000)
  region size 1024K, 13 young (13312K), 3 survivors (3072K)
 Metaspace       used 35752K, committed 36096K, reserved 1114112K
  class space    used 4305K, committed 4480K, reserved 1048576K
}
Event: 3.711 GC heap after
{Heap after GC invocations=10 (full 0):
 garbage-first heap   total 48128K, used 21737K [0x0000000085000000, 0x0000000100000000)
  region size 1024K, 1 young (1024K), 1 survivors (1024K)
 Metaspace       used 35752K, committed 36096K, reserved 1114112K
  class space    used 4305K, committed 4480K, reserved 1048576K
}
Event: 3.965 GC heap before
{Heap before GC invocations=11 (full 0):
 garbage-first heap   total 48128K, used 37097K [0x0000000085000000, 0x0000000100000000)
  region size 1024K, 16 young (16384K), 1 survivors (1024K)
 Metaspace       used 37304K, committed 37696K, reserved 1114112K
  class space    used 4509K, committed 4736K, reserved 1048576K
}
Event: 3.967 GC heap after
{Heap after GC invocations=12 (full 0):
 garbage-first heap   total 48128K, used 22362K [0x0000000085000000, 0x0000000100000000)
  region size 1024K, 2 young (2048K), 2 survivors (2048K)
 Metaspace       used 37304K, committed 37696K, reserved 1114112K
  class space    used 4509K, committed 4736K, reserved 1048576K
}
Event: 4.331 GC heap before
{Heap before GC invocations=12 (full 0):
 garbage-first heap   total 48128K, used 36698K [0x0000000085000000, 0x0000000100000000)
  region size 1024K, 17 young (17408K), 2 survivors (2048K)
 Metaspace       used 41186K, committed 41536K, reserved 1114112K
  class space    used 4962K, committed 5120K, reserved 1048576K
}
Event: 4.334 GC heap after
{Heap after GC invocations=13 (full 0):
 garbage-first heap   total 48128K, used 23724K [0x0000000085000000, 0x0000000100000000)
  region size 1024K, 3 young (3072K), 3 survivors (3072K)
 Metaspace       used 41186K, committed 41536K, reserved 1114112K
  class space    used 4962K, committed 5120K, reserved 1048576K
}

