# JRE version: Java(TM) SE Runtime Environment (17.0.12+8) (build 17.0.12+8-LTS-286)
# Java VM: Java HotSpot(TM) 64-Bit Server VM (17.0.12+8-LTS-286, mixed mode, sharing, tiered, compressed oops, compressed class ptrs, g1 gc, windows-amd64)
GC Precious Log:
 CPUs: 8 total, 8 available
 Memory: 7865M
 Large Page Support: Disabled
 NUMA Support: Disabled
 Compressed Oops: Enabled (32-bit)
 Heap Region Size: 1M
 Heap Min Capacity: 8M
 Heap Initial Capacity: 124M
 Heap Max Capacity: 1968M
 Pre-touch: Disabled
 Parallel Workers: 8
 Concurrent Workers: 2
 Concurrent Refinement Workers: 8
 Periodic GC: Disabled
Heap:
 garbage-first heap   total 58368K, used 44775K [0x0000000085000000, 0x0000000100000000)
  region size 1024K, 18 young (18432K), 3 survivors (3072K)
 Metaspace       used 76906K, committed 77440K, reserved 1179648K
  class space    used 10005K, committed 10304K, reserved 1048576K
GC Heap History (20 events):
Event: 4.924 GC heap before
{Heap before GC invocations=11 (full 0):
 garbage-first heap   total 48128K, used 35685K [0x0000000085000000, 0x0000000100000000)
  region size 1024K, 18 young (18432K), 3 survivors (3072K)
 Metaspace       used 37635K, committed 38080K, reserved 1114112K
  class space    used 4547K, committed 4736K, reserved 1048576K
}
Event: 4.930 GC heap after
{Heap after GC invocations=12 (full 0):
 garbage-first heap   total 48128K, used 22206K [0x0000000085000000, 0x0000000100000000)
  region size 1024K, 2 young (2048K), 2 survivors (2048K)
 Metaspace       used 37635K, committed 38080K, reserved 1114112K
  class space    used 4547K, committed 4736K, reserved 1048576K
}
Event: 5.385 GC heap before
{Heap before GC invocations=12 (full 0):
 garbage-first heap   total 48128K, used 36542K [0x0000000085000000, 0x0000000100000000)
  region size 1024K, 17 young (17408K), 2 survivors (2048K)
 Metaspace       used 40710K, committed 41088K, reserved 1114112K
  class space    used 4934K, committed 5120K, reserved 1048576K
}
Event: 5.389 GC heap after
{Heap after GC invocations=13 (full 0):
 garbage-first heap   total 58368K, used 23324K [0x0000000085000000, 0x0000000100000000)
  region size 1024K, 3 young (3072K), 3 survivors (3072K)
 Metaspace       used 40710K, committed 41088K, reserved 1114112K
  class space    used 4934K, committed 5120K, reserved 1048576K
}
Event: 6.110 GC heap before
{Heap before GC invocations=13 (full 0):
 garbage-first heap   total 58368K, used 44828K [0x0000000085000000, 0x0000000100000000)
  region size 1024K, 24 young (24576K), 3 survivors (3072K)
 Metaspace       used 44733K, committed 45184K, reserved 1114112K
  class space    used 5559K, committed 5760K, reserved 1048576K
}
Event: 6.112 GC heap after
{Heap after GC invocations=14 (full 0):
 garbage-first heap   total 58368K, used 24145K [0x0000000085000000, 0x0000000100000000)
  region size 1024K, 2 young (2048K), 2 survivors (2048K)
 Metaspace       used 44733K, committed 45184K, reserved 1114112K
  class space    used 5559K, committed 5760K, reserved 1048576K
}
Event: 6.687 GC heap before
{Heap before GC invocations=14 (full 0):
 garbage-first heap   total 58368K, used 46673K [0x0000000085000000, 0x0000000100000000)
  region size 1024K, 24 young (24576K), 2 survivors (2048K)
 Metaspace       used 49590K, committed 50048K, reserved 1114112K
  class space    used 6232K, committed 6464K, reserved 1048576K
}
Event: 6.691 GC heap after
{Heap after GC invocations=15 (full 0):
 garbage-first heap   total 58368K, used 26084K [0x0000000085000000, 0x0000000100000000)
  region size 1024K, 3 young (3072K), 3 survivors (3072K)
 Metaspace       used 49590K, committed 50048K, reserved 1114112K
  class space    used 6232K, committed 6464K, reserved 1048576K
}
Event: 7.233 GC heap before
{Heap before GC invocations=15 (full 0):
 garbage-first heap   total 58368K, used 45540K [0x0000000085000000, 0x0000000100000000)
  region size 1024K, 23 young (23552K), 3 survivors (3072K)
 Metaspace       used 56682K, committed 57216K, reserved 1114112K
  class space    used 7119K, committed 7360K, reserved 1048576K
}
Event: 7.237 GC heap after
{Heap after GC invocations=16 (full 0):
 garbage-first heap   total 58368K, used 27182K [0x0000000085000000, 0x0000000100000000)
  region size 1024K, 2 young (2048K), 2 survivors (2048K)
 Metaspace       used 56682K, committed 57216K, reserved 1114112K
  class space    used 7119K, committed 7360K, reserved 1048576K
}
Event: 7.530 GC heap before
{Heap before GC invocations=16 (full 0):
 garbage-first heap   total 58368K, used 45614K [0x0000000085000000, 0x0000000100000000)
  region size 1024K, 20 young (20480K), 2 survivors (2048K)
 Metaspace       used 59501K, committed 59968K, reserved 1114112K
  class space    used 7454K, committed 7680K, reserved 1048576K
}
Event: 7.533 GC heap after
{Heap after GC invocations=17 (full 0):
 garbage-first heap   total 58368K, used 28007K [0x0000000085000000, 0x0000000100000000)
  region size 1024K, 3 young (3072K), 3 survivors (3072K)
 Metaspace       used 59501K, committed 59968K, reserved 1114112K
  class space    used 7454K, committed 7680K, reserved 1048576K
}
Event: 7.887 GC heap before
{Heap before GC invocations=18 (full 0):
 garbage-first heap   total 58368K, used 45415K [0x0000000085000000, 0x0000000100000000)
  region size 1024K, 21 young (21504K), 3 survivors (3072K)
 Metaspace       used 64148K, committed 64640K, reserved 1114112K
  class space    used 8194K, committed 8448K, reserved 1048576K
}
Event: 7.889 GC heap after
{Heap after GC invocations=19 (full 0):
 garbage-first heap   total 58368K, used 28654K [0x0000000085000000, 0x0000000100000000)
  region size 1024K, 2 young (2048K), 2 survivors (2048K)
 Metaspace       used 64148K, committed 64640K, reserved 1114112K
  class space    used 8194K, committed 8448K, reserved 1048576K
}
Event: 8.306 GC heap before
{Heap before GC invocations=20 (full 0):
 garbage-first heap   total 58368K, used 47086K [0x0000000085000000, 0x0000000100000000)
  region size 1024K, 20 young (20480K), 2 survivors (2048K)
 Metaspace       used 67517K, committed 68032K, reserved 1114112K
  class space    used 8772K, committed 9024K, reserved 1048576K
}
Event: 8.308 GC heap after
{Heap after GC invocations=21 (full 0):
 garbage-first heap   total 58368K, used 29057K [0x0000000085000000, 0x0000000100000000)
  region size 1024K, 2 young (2048K), 2 survivors (2048K)
 Metaspace       used 67517K, committed 68032K, reserved 1114112K
  class space    used 8772K, committed 9024K, reserved 1048576K
}
Event: 8.923 GC heap before
{Heap before GC invocations=21 (full 0):
 garbage-first heap   total 58368K, used 47489K [0x0000000085000000, 0x0000000100000000)
  region size 1024K, 21 young (21504K), 2 survivors (2048K)
 Metaspace       used 72109K, committed 72704K, reserved 1114112K
  class space    used 9371K, committed 9664K, reserved 1048576K
}
Event: 8.927 GC heap after
{Heap after GC invocations=22 (full 0):
 garbage-first heap   total 58368K, used 30193K [0x0000000085000000, 0x0000000100000000)
  region size 1024K, 3 young (3072K), 3 survivors (3072K)
 Metaspace       used 72109K, committed 72704K, reserved 1114112K
  class space    used 9371K, committed 9664K, reserved 1048576K
}
Event: 9.341 GC heap before
{Heap before GC invocations=23 (full 0):
 garbage-first heap   total 58368K, used 46577K [0x0000000085000000, 0x0000000100000000)
  region size 1024K, 20 young (20480K), 3 survivors (3072K)
 Metaspace       used 74972K, committed 75520K, reserved 1179648K
  class space    used 9745K, committed 10048K, reserved 1048576K
}
Event: 9.344 GC heap after
{Heap after GC invocations=24 (full 0):
 garbage-first heap   total 58368K, used 31463K [0x0000000085000000, 0x0000000100000000)
  region size 1024K, 3 young (3072K), 3 survivors (3072K)
 Metaspace       used 74972K, committed 75520K, reserved 1179648K
  class space    used 9745K, committed 10048K, reserved 1048576K
}

