# JRE version: Java(TM) SE Runtime Environment (17.0.12+8) (build 17.0.12+8-LTS-286)
# Java VM: Java HotSpot(TM) 64-Bit Server VM (17.0.12+8-LTS-286, mixed mode, sharing, tiered, compressed oops, compressed class ptrs, g1 gc, windows-amd64)
GC Precious Log:
 CPUs: 8 total, 8 available
 Memory: 7865M
 Large Page Support: Disabled
 NUMA Support: Disabled
 Compressed Oops: Enabled (32-bit)
 Heap Region Size: 1M
 Heap Min Capacity: 8M
 Heap Initial Capacity: 124M
 Heap Max Capacity: 1968M
 Pre-touch: Disabled
 Parallel Workers: 8
 Concurrent Workers: 2
 Concurrent Refinement Workers: 8
 Periodic GC: Disabled
Heap:
 garbage-first heap   total 53248K, used 36412K [0x0000000085000000, 0x0000000100000000)
  region size 1024K, 10 young (10240K), 2 survivors (2048K)
 Metaspace       used 71674K, committed 72192K, reserved 1114112K
  class space    used 9299K, committed 9536K, reserved 1048576K
GC Heap History (20 events):
Event: 4.159 GC heap before
{Heap before GC invocations=11 (full 0):
 garbage-first heap   total 51200K, used 37596K [0x0000000085000000, 0x0000000100000000)
  region size 1024K, 19 young (19456K), 2 survivors (2048K)
 Metaspace       used 37708K, committed 38080K, reserved 1114112K
  class space    used 4569K, committed 4736K, reserved 1048576K
}
Event: 4.160 GC heap after
{Heap after GC invocations=12 (full 0):
 garbage-first heap   total 51200K, used 21973K [0x0000000085000000, 0x0000000100000000)
  region size 1024K, 3 young (3072K), 3 survivors (3072K)
 Metaspace       used 37708K, committed 38080K, reserved 1114112K
  class space    used 4569K, committed 4736K, reserved 1048576K
}
Event: 4.512 GC heap before
{Heap before GC invocations=12 (full 0):
 garbage-first heap   total 51200K, used 38357K [0x0000000085000000, 0x0000000100000000)
  region size 1024K, 20 young (20480K), 3 survivors (3072K)
 Metaspace       used 41345K, committed 41728K, reserved 1114112K
  class space    used 5054K, committed 5248K, reserved 1048576K
}
Event: 4.515 GC heap after
{Heap after GC invocations=13 (full 0):
 garbage-first heap   total 51200K, used 23083K [0x0000000085000000, 0x0000000100000000)
  region size 1024K, 3 young (3072K), 3 survivors (3072K)
 Metaspace       used 41345K, committed 41728K, reserved 1114112K
  class space    used 5054K, committed 5248K, reserved 1048576K
}
Event: 4.834 GC heap before
{Heap before GC invocations=13 (full 0):
 garbage-first heap   total 51200K, used 39467K [0x0000000085000000, 0x0000000100000000)
  region size 1024K, 19 young (19456K), 3 survivors (3072K)
 Metaspace       used 44450K, committed 44864K, reserved 1114112K
  class space    used 5578K, committed 5760K, reserved 1048576K
}
Event: 4.836 GC heap after
{Heap after GC invocations=14 (full 0):
 garbage-first heap   total 51200K, used 23525K [0x0000000085000000, 0x0000000100000000)
  region size 1024K, 2 young (2048K), 2 survivors (2048K)
 Metaspace       used 44450K, committed 44864K, reserved 1114112K
  class space    used 5578K, committed 5760K, reserved 1048576K
}
Event: 5.187 GC heap before
{Heap before GC invocations=14 (full 0):
 garbage-first heap   total 51200K, used 39909K [0x0000000085000000, 0x0000000100000000)
  region size 1024K, 19 young (19456K), 2 survivors (2048K)
 Metaspace       used 48351K, committed 48768K, reserved 1114112K
  class space    used 6062K, committed 6272K, reserved 1048576K
}
Event: 5.190 GC heap after
{Heap after GC invocations=15 (full 0):
 garbage-first heap   total 51200K, used 24874K [0x0000000085000000, 0x0000000100000000)
  region size 1024K, 3 young (3072K), 3 survivors (3072K)
 Metaspace       used 48351K, committed 48768K, reserved 1114112K
  class space    used 6062K, committed 6272K, reserved 1048576K
}
Event: 5.625 GC heap before
{Heap before GC invocations=15 (full 0):
 garbage-first heap   total 51200K, used 40234K [0x0000000085000000, 0x0000000100000000)
  region size 1024K, 19 young (19456K), 3 survivors (3072K)
 Metaspace       used 54722K, committed 55232K, reserved 1114112K
  class space    used 6861K, committed 7104K, reserved 1048576K
}
Event: 5.628 GC heap after
{Heap after GC invocations=16 (full 0):
 garbage-first heap   total 51200K, used 26314K [0x0000000085000000, 0x0000000100000000)
  region size 1024K, 3 young (3072K), 3 survivors (3072K)
 Metaspace       used 54722K, committed 55232K, reserved 1114112K
  class space    used 6861K, committed 7104K, reserved 1048576K
}
Event: 5.896 GC heap before
{Heap before GC invocations=16 (full 0):
 garbage-first heap   total 51200K, used 41674K [0x0000000085000000, 0x0000000100000000)
  region size 1024K, 18 young (18432K), 3 survivors (3072K)
 Metaspace       used 57511K, committed 57984K, reserved 1114112K
  class space    used 7203K, committed 7424K, reserved 1048576K
}
Event: 5.899 GC heap after
{Heap after GC invocations=17 (full 0):
 garbage-first heap   total 51200K, used 26954K [0x0000000085000000, 0x0000000100000000)
  region size 1024K, 3 young (3072K), 3 survivors (3072K)
 Metaspace       used 57511K, committed 57984K, reserved 1114112K
  class space    used 7203K, committed 7424K, reserved 1048576K
}
Event: 6.133 GC heap before
{Heap before GC invocations=18 (full 0):
 garbage-first heap   total 53248K, used 40266K [0x0000000085000000, 0x0000000100000000)
  region size 1024K, 17 young (17408K), 3 survivors (3072K)
 Metaspace       used 59640K, committed 60032K, reserved 1114112K
  class space    used 7486K, committed 7680K, reserved 1048576K
}
Event: 6.135 GC heap after
{Heap after GC invocations=19 (full 0):
 garbage-first heap   total 53248K, used 27783K [0x0000000085000000, 0x0000000100000000)
  region size 1024K, 2 young (2048K), 2 survivors (2048K)
 Metaspace       used 59640K, committed 60032K, reserved 1114112K
  class space    used 7486K, committed 7680K, reserved 1048576K
}
Event: 6.436 GC heap before
{Heap before GC invocations=19 (full 0):
 garbage-first heap   total 53248K, used 42119K [0x0000000085000000, 0x0000000100000000)
  region size 1024K, 17 young (17408K), 2 survivors (2048K)
 Metaspace       used 63761K, committed 64192K, reserved 1114112K
  class space    used 8185K, committed 8384K, reserved 1048576K
}
Event: 6.438 GC heap after
{Heap after GC invocations=20 (full 0):
 garbage-first heap   total 53248K, used 27959K [0x0000000085000000, 0x0000000100000000)
  region size 1024K, 2 young (2048K), 2 survivors (2048K)
 Metaspace       used 63761K, committed 64192K, reserved 1114112K
  class space    used 8185K, committed 8384K, reserved 1048576K
}
Event: 6.724 GC heap before
{Heap before GC invocations=21 (full 0):
 garbage-first heap   total 53248K, used 42295K [0x0000000085000000, 0x0000000100000000)
  region size 1024K, 17 young (17408K), 2 survivors (2048K)
 Metaspace       used 66752K, committed 67200K, reserved 1114112K
  class space    used 8684K, committed 8896K, reserved 1048576K
}
Event: 6.726 GC heap after
{Heap after GC invocations=22 (full 0):
 garbage-first heap   total 53248K, used 28351K [0x0000000085000000, 0x0000000100000000)
  region size 1024K, 2 young (2048K), 2 survivors (2048K)
 Metaspace       used 66752K, committed 67200K, reserved 1114112K
  class space    used 8684K, committed 8896K, reserved 1048576K
}
Event: 7.084 GC heap before
{Heap before GC invocations=22 (full 0):
 garbage-first heap   total 53248K, used 41663K [0x0000000085000000, 0x0000000100000000)
  region size 1024K, 16 young (16384K), 2 survivors (2048K)
 Metaspace       used 70804K, committed 71232K, reserved 1114112K
  class space    used 9204K, committed 9408K, reserved 1048576K
}
Event: 7.088 GC heap after
{Heap after GC invocations=23 (full 0):
 garbage-first heap   total 53248K, used 29244K [0x0000000085000000, 0x0000000100000000)
  region size 1024K, 2 young (2048K), 2 survivors (2048K)
 Metaspace       used 70804K, committed 71232K, reserved 1114112K
  class space    used 9204K, committed 9408K, reserved 1048576K
}

